  PCL_Experiments.cpp
C:\Program Files\PCL 1.8.1\include\pcl-1.8\pcl/visualization/impl/point_cloud_color_handlers.hpp(549): warning C4267: 'argument': conversion from 'size_t' to 'unsigned int', possible loss of data
  C:\Program Files\PCL 1.8.1\include\pcl-1.8\pcl/visualization/impl/point_cloud_color_handlers.hpp(525): note: while compiling class template member function 'bool pcl::visualization::PointCloudColorHandlerLabelField<pcl::PointXYZL>::getColor(vtkSmartPointer<vtkDataArray> &) const'
  C:\Program Files\PCL 1.8.1\include\pcl-1.8\pcl/visualization/pcl_visualizer.h(907): note: see reference to class template instantiation 'pcl::visualization::PointCloudColorHandlerLabelField<pcl::PointXYZL>' being compiled
  C:\Program Files\PCL 1.8.1\3rdParty\Boost\include\boost-1_64\boost/bind/placeholders.hpp(54): note: see reference to class template instantiation 'boost::arg<9>' being compiled
  C:\Program Files\PCL 1.8.1\3rdParty\Boost\include\boost-1_64\boost/bind/placeholders.hpp(53): note: see reference to class template instantiation 'boost::arg<8>' being compiled
  C:\Program Files\PCL 1.8.1\3rdParty\Boost\include\boost-1_64\boost/bind/placeholders.hpp(52): note: see reference to class template instantiation 'boost::arg<7>' being compiled
  C:\Program Files\PCL 1.8.1\3rdParty\Boost\include\boost-1_64\boost/bind/placeholders.hpp(51): note: see reference to class template instantiation 'boost::arg<6>' being compiled
  C:\Program Files\PCL 1.8.1\3rdParty\Boost\include\boost-1_64\boost/bind/placeholders.hpp(50): note: see reference to class template instantiation 'boost::arg<5>' being compiled
  C:\Program Files\PCL 1.8.1\3rdParty\Boost\include\boost-1_64\boost/bind/placeholders.hpp(49): note: see reference to class template instantiation 'boost::arg<4>' being compiled
  C:\Program Files\PCL 1.8.1\3rdParty\Boost\include\boost-1_64\boost/bind/placeholders.hpp(48): note: see reference to class template instantiation 'boost::arg<3>' being compiled
  C:\Program Files\PCL 1.8.1\3rdParty\Boost\include\boost-1_64\boost/bind/placeholders.hpp(47): note: see reference to class template instantiation 'boost::arg<2>' being compiled
  C:\Program Files\PCL 1.8.1\3rdParty\Boost\include\boost-1_64\boost/bind/placeholders.hpp(46): note: see reference to class template instantiation 'boost::arg<1>' being compiled
  Generating code
  9 of 1465 functions ( 0.6%) were compiled, the rest were copied from previous compilation.
    0 functions were new in current compilation
    2 functions had inline decision re-evaluated but remain unchanged
  Finished generating code
  PCL_Experiments.vcxproj -> C:\Users\ritaq\Documents\Uscan_Files\Other\PCL_Experiments\x64\Release\PCL_Experiments.exe
  PCL_Experiments.vcxproj -> C:\Users\ritaq\Documents\Uscan_Files\Other\PCL_Experiments\x64\Release\PCL_Experiments.pdb (Full PDB)
